Base path: C:/Program Files/Unity/Editor/Data
Cmd: initializeCompiler
Cmd: compileComputeKernel
  api=4 insize=9421 outsize=8717 ok=1
Cmd: compileComputeKernel
  api=4 insize=15322 outsize=6869 ok=1
Cmd: compileComputeKernel
  api=4 insize=15322 outsize=6477 ok=1
Cmd: compileComputeKernel
  api=4 insize=15322 outsize=8973 ok=1
Cmd: compileComputeKernel
  api=4 insize=15322 outsize=6157 ok=1
Cmd: compileComputeKernel
  api=4 insize=15322 outsize=6853 ok=1
Cmd: compileComputeKernel
  api=4 insize=15322 outsize=6661 ok=1
Cmd: compileComputeKernel
  api=4 insize=15322 outsize=8437 ok=1
Cmd: compileComputeKernel
  api=4 insize=15322 outsize=10445 ok=1
Cmd: compileComputeKernel
  api=4 insize=15322 outsize=11425 ok=1

Quitting shader compiler process
